<?xml version="1.0" encoding="UTF-8"?>
<!-- Generated by org.testng.reporters.JUnitReportReporter -->
<testsuite skipped="0" hostname="User-PC" name="frame.Test3" tests="1" failures="0" timestamp="27 Mar 2019 04:26:28 GMT" time="0.031" errors="0">
  <testcase name="Method3" time="0.031" classname="frame.Test3"/>
</testsuite> <!-- frame.Test3 -->
