<?xml version="1.0" encoding="UTF-8"?>
<!-- Generated by org.testng.reporters.JUnitReportReporter -->
<testsuite skipped="0" hostname="User-PC" name="Sample.Facebook" tests="2" failures="0" timestamp="26 Mar 2019 03:41:12 GMT" time="59.795" errors="0">
  <testcase name="NegativeFlow" time="20.271" classname="Sample.Facebook"/>
  <testcase name="PositiveFlow" time="39.524" classname="Sample.Facebook"/>
</testsuite> <!-- Sample.Facebook -->
