<?xml version="1.0" encoding="UTF-8"?>
<!-- Generated by org.testng.reporters.JUnitReportReporter -->
<testsuite skipped="0" hostname="User-PC" name="frame.TestngFrame2" tests="2" failures="0" timestamp="29 Mar 2019 03:09:18 GMT" time="0.020" errors="0">
  <testcase name="SampleMethod2" time="0.016" classname="frame.TestngFrame2"/>
  <testcase name="SampleMethod2" time="0.004" classname="frame.TestngFrame2"/>
</testsuite> <!-- frame.TestngFrame2 -->
