<?xml version="1.0" encoding="UTF-8"?>
<!-- Generated by org.testng.reporters.JUnitReportReporter -->
<testsuite skipped="1" hostname="User-PC" name="Sample.TestFramework" tests="3" failures="0" timestamp="25 Mar 2019 04:09:31 GMT" time="0.016" errors="0">
  <testcase name="Test2" time="0.016" classname="Sample.TestFramework"/>
  <testcase name="Test" time="0.000" classname="Sample.TestFramework"/>
  <testcase name="Test1" classname="Sample.TestFramework">
    <skipped/>
  </testcase> <!-- Test1 -->
</testsuite> <!-- Sample.TestFramework -->
